Loreal_Gt/build/outputs/logs/manifest-merger-debug-report.txt
-- Merging decision tree log ---
manifest
ADDED from src\main\AndroidManifest.xml:2:1-304:12
	package
		ADDED from src\main\AndroidManifest.xml:3:5-35
		INJECTED from src\main\AndroidManifest.xml
		INJECTED from src\main\AndroidManifest.xml
	android:versionName
		ADDED from src\main\AndroidManifest.xml:5:5-30
		INJECTED from src\main\AndroidManifest.xml
		INJECTED from src\main\AndroidManifest.xml
	android:versionCode
		ADDED from src\main\AndroidManifest.xml:4:5-29
		INJECTED from src\main\AndroidManifest.xml
		INJECTED from src\main\AndroidManifest.xml
	xmlns:android
		ADDED from src\main\AndroidManifest.xml:2:11-69
uses-sdk
ADDED from src\main\AndroidManifest.xml:7:5-9:41
MERGED from [com.android.support:design:23.1.1] AndroidManifest.xml:20:5-43
MERGED from [com.android.support:appcompat-v7:23.1.1] AndroidManifest.xml:20:5-43
MERGED from [com.android.support:support-v4:23.1.1] AndroidManifest.xml:20:5-43
MERGED from [com.android.support:recyclerview-v7:23.1.1] AndroidManifest.xml:20:5-43
MERGED from [com.android.support:cardview-v7:23.1.1] AndroidManifest.xml:20:5-43
MERGED from [com.github.ksoichiro:android-observablescrollview:1.6.0] AndroidManifest.xml:21:5-43
MERGED from [com.google.android.gms:play-services:6.5.87] AndroidManifest.xml:18:5-42
	android:targetSdkVersion
		ADDED from src\main\AndroidManifest.xml:9:9-38
		INJECTED from src\main\AndroidManifest.xml
		INJECTED from src\main\AndroidManifest.xml
	android:minSdkVersion
		ADDED from src\main\AndroidManifest.xml:8:9-34
		INJECTED from src\main\AndroidManifest.xml
		INJECTED from src\main\AndroidManifest.xml
uses-permission#android.permission.ACCESS_NETWORK_STATE
ADDED from src\main\AndroidManifest.xml:11:5-79
	android:name
		ADDED from src\main\AndroidManifest.xml:11:22-76
uses-permission#android.permission.ACCESS_COARSE_LOCATION
ADDED from src\main\AndroidManifest.xml:12:5-81
	android:name
		ADDED from src\main\AndroidManifest.xml:12:22-78
uses-permission#android.permission.ACCESS_FINE_LOCATION
ADDED from src\main\AndroidManifest.xml:13:5-79
	android:name
		ADDED from src\main\AndroidManifest.xml:13:22-76
uses-permission#android.permission.INTERNET
ADDED from src\main\AndroidManifest.xml:14:5-67
	android:name
		ADDED from src\main\AndroidManifest.xml:14:22-64
uses-permission#android.permission.WRITE_EXTERNAL_STORAGE
ADDED from src\main\AndroidManifest.xml:15:5-81
	android:name
		ADDED from src\main\AndroidManifest.xml:15:22-78
uses-permission#android.permission.WRITE_SYNC_SETTINGS
ADDED from src\main\AndroidManifest.xml:16:5-78
	android:name
		ADDED from src\main\AndroidManifest.xml:16:22-75
uses-permission#android.permission.WAKE_LOCK
ADDED from src\main\AndroidManifest.xml:17:5-68
	android:name
		ADDED from src\main\AndroidManifest.xml:17:22-65
uses-permission#android.permission.READ_PHONE_STATE
ADDED from src\main\AndroidManifest.xml:18:5-75
	android:name
		ADDED from src\main\AndroidManifest.xml:18:22-72
uses-permission#android.permission.READ_EXTERNAL_STORAGE
ADDED from src\main\AndroidManifest.xml:19:5-80
	android:name
		ADDED from src\main\AndroidManifest.xml:19:22-77
uses-permission#android.permission.CALL_PHONE
ADDED from src\main\AndroidManifest.xml:20:5-69
	android:name
		ADDED from src\main\AndroidManifest.xml:20:22-66
uses-permission#com.htc.tms.permission.MAPS_RECEIVE
ADDED from src\main\AndroidManifest.xml:21:5-75
	android:name
		ADDED from src\main\AndroidManifest.xml:21:22-72
application
ADDED from src\main\AndroidManifest.xml:25:5-302:19
MERGED from [com.android.support:design:23.1.1] AndroidManifest.xml:22:5-20
MERGED from [com.android.support:appcompat-v7:23.1.1] AndroidManifest.xml:22:5-20
MERGED from [com.android.support:support-v4:23.1.1] AndroidManifest.xml:22:5-20
MERGED from [com.android.support:cardview-v7:23.1.1] AndroidManifest.xml:22:5-20
MERGED from [com.google.android.gms:play-services:6.5.87] AndroidManifest.xml:20:5-24:19
	android:label
		ADDED from src\main\AndroidManifest.xml:28:9-41
	android:allowBackup
		ADDED from src\main\AndroidManifest.xml:26:9-35
	android:icon
		ADDED from src\main\AndroidManifest.xml:27:9-51
	android:theme
		ADDED from src\main\AndroidManifest.xml:29:9-52
activity#com.cpm.Loreal_GT.SplashScreenActivity
ADDED from src\main\AndroidManifest.xml:30:9-39:20
	android:screenOrientation
		ADDED from src\main\AndroidManifest.xml:33:13-49
	android:label
		ADDED from src\main\AndroidManifest.xml:32:13-45
	android:name
		ADDED from src\main\AndroidManifest.xml:31:13-66
intent-filter#android.intent.action.MAIN+android.intent.category.LAUNCHER
ADDED from src\main\AndroidManifest.xml:34:13-38:29
action#android.intent.action.MAIN
ADDED from src\main\AndroidManifest.xml:35:17-69
	android:name
		ADDED from src\main\AndroidManifest.xml:35:25-66
category#android.intent.category.LAUNCHER
ADDED from src\main\AndroidManifest.xml:37:17-77
	android:name
		ADDED from src\main\AndroidManifest.xml:37:27-74
activity#com.cpm.autoupdate.AutoupdateActivity
ADDED from src\main\AndroidManifest.xml:40:9-42:52
	android:screenOrientation
		ADDED from src\main\AndroidManifest.xml:42:13-49
	android:name
		ADDED from src\main\AndroidManifest.xml:41:13-65
activity#com.cpm.web.ShowUpdateActivity
ADDED from src\main\AndroidManifest.xml:43:9-45:52
	android:screenOrientation
		ADDED from src\main\AndroidManifest.xml:45:13-49
	android:name
		ADDED from src\main\AndroidManifest.xml:44:13-58
activity#com.cpm.Loreal_GT.MainActivity
ADDED from src\main\AndroidManifest.xml:46:9-48:52
	android:screenOrientation
		ADDED from src\main\AndroidManifest.xml:48:13-49
	android:name
		ADDED from src\main\AndroidManifest.xml:47:13-58
activity#com.cpm.download.CompleteDownloadActivity
ADDED from src\main\AndroidManifest.xml:49:9-51:52
	android:screenOrientation
		ADDED from src\main\AndroidManifest.xml:51:13-49
	android:name
		ADDED from src\main\AndroidManifest.xml:50:13-69
activity#com.cpm.dailyentry.DailyEntryScreen
ADDED from src\main\AndroidManifest.xml:52:9-55:52
	android:screenOrientation
		ADDED from src\main\AndroidManifest.xml:55:13-49
	android:label
		ADDED from src\main\AndroidManifest.xml:54:13-39
	android:name
		ADDED from src\main\AndroidManifest.xml:53:13-63
activity#com.cpm.upload.UploadOptionActivity
ADDED from src\main\AndroidManifest.xml:56:9-58:52
	android:screenOrientation
		ADDED from src\main\AndroidManifest.xml:58:13-49
	android:name
		ADDED from src\main\AndroidManifest.xml:57:13-63
activity#com.cpm.upload.UploadDataActivity
ADDED from src\main\AndroidManifest.xml:59:9-61:52
	android:screenOrientation
		ADDED from src\main\AndroidManifest.xml:61:13-49
	android:name
		ADDED from src\main\AndroidManifest.xml:60:13-61
activity#com.cpm.upload.CheckoutNUpload
ADDED from src\main\AndroidManifest.xml:62:9-64:52
	android:screenOrientation
		ADDED from src\main\AndroidManifest.xml:64:13-49
	android:name
		ADDED from src\main\AndroidManifest.xml:63:13-58
activity#com.cpm.upload.UploadAllImageActivity
ADDED from src\main\AndroidManifest.xml:65:9-67:52
	android:screenOrientation
		ADDED from src\main\AndroidManifest.xml:67:13-49
	android:name
		ADDED from src\main\AndroidManifest.xml:66:13-65
activity#com.cpm.dailyentry.StoreEntry
ADDED from src\main\AndroidManifest.xml:68:9-71:52
	android:screenOrientation
		ADDED from src\main\AndroidManifest.xml:71:13-49
	android:label
		ADDED from src\main\AndroidManifest.xml:70:13-40
	android:name
		ADDED from src\main\AndroidManifest.xml:69:13-57
activity#com.cpm.dailyentry.StoreType
ADDED from src\main\AndroidManifest.xml:72:9-74:52
	android:screenOrientation
		ADDED from src\main\AndroidManifest.xml:74:13-49
	android:name
		ADDED from src\main\AndroidManifest.xml:73:13-56
activity#com.cpm.dailyentry.DeepFreezerActivity
ADDED from src\main\AndroidManifest.xml:75:9-78:55
	android:screenOrientation
		ADDED from src\main\AndroidManifest.xml:77:13-49
	android:windowSoftInputMode
		ADDED from src\main\AndroidManifest.xml:78:13-52
	android:name
		ADDED from src\main\AndroidManifest.xml:76:13-66
activity#com.cpm.dailyentry.MccainType
ADDED from src\main\AndroidManifest.xml:79:9-81:52
	android:screenOrientation
		ADDED from src\main\AndroidManifest.xml:81:13-49
	android:name
		ADDED from src\main\AndroidManifest.xml:80:13-57
activity#com.cpm.dailyentry.StockAvailability
ADDED from src\main\AndroidManifest.xml:82:9-87:55
	android:screenOrientation
		ADDED from src\main\AndroidManifest.xml:86:13-49
	android:label
		ADDED from src\main\AndroidManifest.xml:85:13-47
	android:windowSoftInputMode
		ADDED from src\main\AndroidManifest.xml:87:13-52
	android:configChanges
		ADDED from src\main\AndroidManifest.xml:84:13-74
	android:name
		ADDED from src\main\AndroidManifest.xml:83:13-64
activity#com.cpm.dailyentry.ClosingStock
ADDED from src\main\AndroidManifest.xml:88:9-93:55
	android:screenOrientation
		ADDED from src\main\AndroidManifest.xml:92:13-49
	android:label
		ADDED from src\main\AndroidManifest.xml:91:13-62
	android:windowSoftInputMode
		ADDED from src\main\AndroidManifest.xml:93:13-52
	android:configChanges
		ADDED from src\main\AndroidManifest.xml:90:13-74
	android:name
		ADDED from src\main\AndroidManifest.xml:89:13-59
activity#com.cpm.dailyentry.MidDayStock
ADDED from src\main\AndroidManifest.xml:94:9-99:55
	android:screenOrientation
		ADDED from src\main\AndroidManifest.xml:98:13-49
	android:label
		ADDED from src\main\AndroidManifest.xml:97:13-60
	android:windowSoftInputMode
		ADDED from src\main\AndroidManifest.xml:99:13-52
	android:configChanges
		ADDED from src\main\AndroidManifest.xml:96:13-74
	android:name
		ADDED from src\main\AndroidManifest.xml:95:13-58
activity#com.cpm.dailyentry.WindowsActivity
ADDED from src\main\AndroidManifest.xml:100:9-105:55
	android:screenOrientation
		ADDED from src\main\AndroidManifest.xml:104:13-49
	android:label
		ADDED from src\main\AndroidManifest.xml:103:13-42
	android:windowSoftInputMode
		ADDED from src\main\AndroidManifest.xml:105:13-52
	android:configChanges
		ADDED from src\main\AndroidManifest.xml:102:13-74
	android:name
		ADDED from src\main\AndroidManifest.xml:101:13-62
activity#com.cpm.dailyentry.AssetActivity
ADDED from src\main\AndroidManifest.xml:106:9-111:55
	android:screenOrientation
		ADDED from src\main\AndroidManifest.xml:110:13-49
	android:label
		ADDED from src\main\AndroidManifest.xml:109:13-34
	android:windowSoftInputMode
		ADDED from src\main\AndroidManifest.xml:111:13-52
	android:configChanges
		ADDED from src\main\AndroidManifest.xml:108:13-74
	android:name
		ADDED from src\main\AndroidManifest.xml:107:13-60
activity#com.cpm.dailyentry.NonWorkingReason
ADDED from src\main\AndroidManifest.xml:112:9-115:52
	android:screenOrientation
		ADDED from src\main\AndroidManifest.xml:115:13-49
	android:label
		ADDED from src\main\AndroidManifest.xml:114:13-40
	android:name
		ADDED from src\main\AndroidManifest.xml:113:13-63
activity#com.cpm.dailyentry.FoodStore
ADDED from src\main\AndroidManifest.xml:116:9-120:55
	android:screenOrientation
		ADDED from src\main\AndroidManifest.xml:119:13-49
	android:windowSoftInputMode
		ADDED from src\main\AndroidManifest.xml:120:13-52
	android:configChanges
		ADDED from src\main\AndroidManifest.xml:118:13-74
	android:name
		ADDED from src\main\AndroidManifest.xml:117:13-56
activity#com.cpm.dailyentry.FacingCompetitor
ADDED from src\main\AndroidManifest.xml:121:9-126:55
	android:screenOrientation
		ADDED from src\main\AndroidManifest.xml:125:13-49
	android:label
		ADDED from src\main\AndroidManifest.xml:124:13-46
	android:windowSoftInputMode
		ADDED from src\main\AndroidManifest.xml:126:13-52
	android:configChanges
		ADDED from src\main\AndroidManifest.xml:123:13-74
	android:name
		ADDED from src\main\AndroidManifest.xml:122:13-63
activity#com.cpm.dailyentry.UploadSelect
ADDED from src\main\AndroidManifest.xml:127:9-131:55
	android:screenOrientation
		ADDED from src\main\AndroidManifest.xml:130:13-49
	android:windowSoftInputMode
		ADDED from src\main\AndroidManifest.xml:131:13-52
	android:configChanges
		ADDED from src\main\AndroidManifest.xml:129:13-74
	android:name
		ADDED from src\main\AndroidManifest.xml:128:13-59
activity#com.cpm.dailyentry.CheckOutStoreActivity
ADDED from src\main\AndroidManifest.xml:132:9-136:55
	android:screenOrientation
		ADDED from src\main\AndroidManifest.xml:135:13-49
	android:windowSoftInputMode
		ADDED from src\main\AndroidManifest.xml:136:13-52
	android:configChanges
		ADDED from src\main\AndroidManifest.xml:134:13-74
	android:name
		ADDED from src\main\AndroidManifest.xml:133:13-68
activity#com.cpm.dailyentry.CallsActivity
ADDED from src\main\AndroidManifest.xml:137:9-141:55
	android:screenOrientation
		ADDED from src\main\AndroidManifest.xml:140:13-49
	android:windowSoftInputMode
		ADDED from src\main\AndroidManifest.xml:141:13-52
	android:configChanges
		ADDED from src\main\AndroidManifest.xml:139:13-74
	android:name
		ADDED from src\main\AndroidManifest.xml:138:13-60
activity#com.cpm.dailyentry.Performance
ADDED from src\main\AndroidManifest.xml:142:9-146:55
	android:screenOrientation
		ADDED from src\main\AndroidManifest.xml:145:13-49
	android:windowSoftInputMode
		ADDED from src\main\AndroidManifest.xml:146:13-52
	android:configChanges
		ADDED from src\main\AndroidManifest.xml:144:13-74
	android:name
		ADDED from src\main\AndroidManifest.xml:143:13-58
activity#com.cpm.Loreal_GT.MainMenuActivity
ADDED from src\main\AndroidManifest.xml:147:9-151:59
	android:screenOrientation
		ADDED from src\main\AndroidManifest.xml:150:13-49
	android:label
		ADDED from src\main\AndroidManifest.xml:149:13-38
	android:theme
		ADDED from src\main\AndroidManifest.xml:151:13-56
	android:name
		ADDED from src\main\AndroidManifest.xml:148:13-62
activity#com.cpm.Loreal_GT.LoginActivity
ADDED from src\main\AndroidManifest.xml:152:9-156:59
	android:screenOrientation
		ADDED from src\main\AndroidManifest.xml:155:13-49
	android:label
		ADDED from src\main\AndroidManifest.xml:154:13-45
	android:theme
		ADDED from src\main\AndroidManifest.xml:156:13-56
	android:name
		ADDED from src\main\AndroidManifest.xml:153:13-59
activity#com.cpm.dailyentry.CompetionMenuActivity
ADDED from src\main\AndroidManifest.xml:157:9-161:59
	android:screenOrientation
		ADDED from src\main\AndroidManifest.xml:160:13-49
	android:label
		ADDED from src\main\AndroidManifest.xml:159:13-66
	android:theme
		ADDED from src\main\AndroidManifest.xml:161:13-56
	android:name
		ADDED from src\main\AndroidManifest.xml:158:13-68
activity#com.cpm.dailyentry.COMPETITORActivity
ADDED from src\main\AndroidManifest.xml:162:9-167:59
	android:screenOrientation
		ADDED from src\main\AndroidManifest.xml:166:13-49
	android:label
		ADDED from src\main\AndroidManifest.xml:165:13-62
	android:configChanges
		ADDED from src\main\AndroidManifest.xml:164:13-74
	android:theme
		ADDED from src\main\AndroidManifest.xml:167:13-56
	android:name
		ADDED from src\main\AndroidManifest.xml:163:13-65
activity#com.cpm.dailyentry.PlanogramActivity
ADDED from src\main\AndroidManifest.xml:168:9-172:59
	android:screenOrientation
		ADDED from src\main\AndroidManifest.xml:171:13-50
	android:configChanges
		ADDED from src\main\AndroidManifest.xml:170:13-74
	android:theme
		ADDED from src\main\AndroidManifest.xml:172:13-56
	android:name
		ADDED from src\main\AndroidManifest.xml:169:13-64
activity#com.cpm.dailyentry.CompetitionAditionalPOIActivity
ADDED from src\main\AndroidManifest.xml:173:9-179:55
	android:screenOrientation
		ADDED from src\main\AndroidManifest.xml:177:13-49
	android:label
		ADDED from src\main\AndroidManifest.xml:176:13-43
	android:windowSoftInputMode
		ADDED from src\main\AndroidManifest.xml:179:13-52
	android:configChanges
		ADDED from src\main\AndroidManifest.xml:175:13-74
	android:theme
		ADDED from src\main\AndroidManifest.xml:178:13-56
	android:name
		ADDED from src\main\AndroidManifest.xml:174:13-78
activity#com.cpm.dailyentry.CompetitionPromotionsActivity
ADDED from src\main\AndroidManifest.xml:180:9-186:55
	android:screenOrientation
		ADDED from src\main\AndroidManifest.xml:184:13-49
	android:label
		ADDED from src\main\AndroidManifest.xml:183:13-38
	android:windowSoftInputMode
		ADDED from src\main\AndroidManifest.xml:186:13-52
	android:configChanges
		ADDED from src\main\AndroidManifest.xml:182:13-74
	android:theme
		ADDED from src\main\AndroidManifest.xml:185:13-56
	android:name
		ADDED from src\main\AndroidManifest.xml:181:13-76
activity#com.cpm.dailyentry.StoreSignAgeActivity
ADDED from src\main\AndroidManifest.xml:187:9-192:55
	android:screenOrientation
		ADDED from src\main\AndroidManifest.xml:191:13-49
	android:label
		ADDED from src\main\AndroidManifest.xml:190:13-42
	android:windowSoftInputMode
		ADDED from src\main\AndroidManifest.xml:192:13-52
	android:configChanges
		ADDED from src\main\AndroidManifest.xml:189:13-74
	android:name
		ADDED from src\main\AndroidManifest.xml:188:13-67
activity#com.cpm.dailyentry.GeoFence_Activity
ADDED from src\main\AndroidManifest.xml:193:9-196:59
	android:label
		ADDED from src\main\AndroidManifest.xml:195:13-62
	android:theme
		ADDED from src\main\AndroidManifest.xml:196:13-56
	android:name
		ADDED from src\main\AndroidManifest.xml:194:13-64
activity#com.cpm.dailyentry.StoreimageActivity
ADDED from src\main\AndroidManifest.xml:197:9-203:55
	android:screenOrientation
		ADDED from src\main\AndroidManifest.xml:201:13-49
	android:label
		ADDED from src\main\AndroidManifest.xml:200:13-46
	android:windowSoftInputMode
		ADDED from src\main\AndroidManifest.xml:203:13-52
	android:configChanges
		ADDED from src\main\AndroidManifest.xml:199:13-74
	android:theme
		ADDED from src\main\AndroidManifest.xml:202:13-56
	android:name
		ADDED from src\main\AndroidManifest.xml:198:13-65
activity#com.cpm.dailyentry.ISSUE_TYPEActivity
ADDED from src\main\AndroidManifest.xml:204:9-210:55
	android:screenOrientation
		ADDED from src\main\AndroidManifest.xml:208:13-49
	android:label
		ADDED from src\main\AndroidManifest.xml:207:13-46
	android:windowSoftInputMode
		ADDED from src\main\AndroidManifest.xml:210:13-52
	android:configChanges
		ADDED from src\main\AndroidManifest.xml:206:13-74
	android:theme
		ADDED from src\main\AndroidManifest.xml:209:13-56
	android:name
		ADDED from src\main\AndroidManifest.xml:205:13-65
activity#com.cpm.dailyentry.POSMActivity
ADDED from src\main\AndroidManifest.xml:211:9-217:55
	android:screenOrientation
		ADDED from src\main\AndroidManifest.xml:215:13-49
	android:label
		ADDED from src\main\AndroidManifest.xml:214:13-34
	android:windowSoftInputMode
		ADDED from src\main\AndroidManifest.xml:217:13-52
	android:configChanges
		ADDED from src\main\AndroidManifest.xml:213:13-74
	android:theme
		ADDED from src\main\AndroidManifest.xml:216:13-56
	android:name
		ADDED from src\main\AndroidManifest.xml:212:13-59
activity#com.cpm.geotag.LocationActivity
ADDED from src\main\AndroidManifest.xml:218:9-224:55
	android:screenOrientation
		ADDED from src\main\AndroidManifest.xml:222:13-49
	android:label
		ADDED from src\main\AndroidManifest.xml:221:13-38
	android:windowSoftInputMode
		ADDED from src\main\AndroidManifest.xml:224:13-52
	android:configChanges
		ADDED from src\main\AndroidManifest.xml:220:13-74
	android:theme
		ADDED from src\main\AndroidManifest.xml:223:13-56
	android:name
		ADDED from src\main\AndroidManifest.xml:219:13-59
activity#com.cpm.dailyentry.GeoTagActivity
ADDED from src\main\AndroidManifest.xml:225:9-231:55
	android:screenOrientation
		ADDED from src\main\AndroidManifest.xml:229:13-49
	android:label
		ADDED from src\main\AndroidManifest.xml:228:13-38
	android:windowSoftInputMode
		ADDED from src\main\AndroidManifest.xml:231:13-52
	android:configChanges
		ADDED from src\main\AndroidManifest.xml:227:13-74
	android:theme
		ADDED from src\main\AndroidManifest.xml:230:13-56
	android:name
		ADDED from src\main\AndroidManifest.xml:226:13-61
activity#com.cpm.geotag.UploadGeotaggingActivity
ADDED from src\main\AndroidManifest.xml:232:9-238:55
	android:screenOrientation
		ADDED from src\main\AndroidManifest.xml:236:13-49
	android:label
		ADDED from src\main\AndroidManifest.xml:235:13-45
	android:windowSoftInputMode
		ADDED from src\main\AndroidManifest.xml:238:13-52
	android:configChanges
		ADDED from src\main\AndroidManifest.xml:234:13-74
	android:theme
		ADDED from src\main\AndroidManifest.xml:237:13-56
	android:name
		ADDED from src\main\AndroidManifest.xml:233:13-67
meta-data#com.google.android.maps.v2.API_KEY
ADDED from src\main\AndroidManifest.xml:240:9-242:71
	android:value
		ADDED from src\main\AndroidManifest.xml:242:13-68
	android:name
		ADDED from src\main\AndroidManifest.xml:241:13-62
meta-data#com.google.android.gms.version
ADDED from src\main\AndroidManifest.xml:243:9-245:69
MERGED from [com.google.android.gms:play-services:6.5.87] AndroidManifest.xml:21:9-23:69
	android:value
		ADDED from src\main\AndroidManifest.xml:245:13-66
	android:name
		ADDED from src\main\AndroidManifest.xml:244:13-58
activity#com.cpm.dailyentry.SecondaryWindowActivity
ADDED from src\main\AndroidManifest.xml:247:9-252:59
	android:screenOrientation
		ADDED from src\main\AndroidManifest.xml:251:13-49
	android:label
		ADDED from src\main\AndroidManifest.xml:250:13-68
	android:configChanges
		ADDED from src\main\AndroidManifest.xml:249:13-74
	android:theme
		ADDED from src\main\AndroidManifest.xml:252:13-56
	android:name
		ADDED from src\main\AndroidManifest.xml:248:13-70
activity#com.cpm.dailyentry.ChecklistActivity
ADDED from src\main\AndroidManifest.xml:253:9-258:59
	android:screenOrientation
		ADDED from src\main\AndroidManifest.xml:257:13-49
	android:label
		ADDED from src\main\AndroidManifest.xml:256:13-61
	android:configChanges
		ADDED from src\main\AndroidManifest.xml:255:13-74
	android:theme
		ADDED from src\main\AndroidManifest.xml:258:13-56
	android:name
		ADDED from src\main\AndroidManifest.xml:254:13-64
activity#com.cpm.dailyentry.SKUEntryActivity
ADDED from src\main\AndroidManifest.xml:259:9-263:59
	android:screenOrientation
		ADDED from src\main\AndroidManifest.xml:262:13-49
	android:label
		ADDED from src\main\AndroidManifest.xml:261:13-60
	android:theme
		ADDED from src\main\AndroidManifest.xml:263:13-56
	android:name
		ADDED from src\main\AndroidManifest.xml:260:13-63
activity#com.cpm.dailyentry.StockAvailability2Activity
ADDED from src\main\AndroidManifest.xml:264:9-267:59
	android:label
		ADDED from src\main\AndroidManifest.xml:266:13-71
	android:theme
		ADDED from src\main\AndroidManifest.xml:267:13-56
	android:name
		ADDED from src\main\AndroidManifest.xml:265:13-73
activity#com.cpm.dailyentry.WindowPlanogramActivity
ADDED from src\main\AndroidManifest.xml:268:9-272:59
	android:screenOrientation
		ADDED from src\main\AndroidManifest.xml:271:13-50
	android:label
		ADDED from src\main\AndroidManifest.xml:270:13-68
	android:theme
		ADDED from src\main\AndroidManifest.xml:272:13-56
	android:name
		ADDED from src\main\AndroidManifest.xml:269:13-70
activity#com.cpm.dailyentry.WindowListActivity
ADDED from src\main\AndroidManifest.xml:273:9-276:59
	android:label
		ADDED from src\main\AndroidManifest.xml:275:13-63
	android:theme
		ADDED from src\main\AndroidManifest.xml:276:13-56
	android:name
		ADDED from src\main\AndroidManifest.xml:274:13-65
activity#com.cpm.dailyentry.MerPerformanceActivity
ADDED from src\main\AndroidManifest.xml:277:9-280:59
	android:label
		ADDED from src\main\AndroidManifest.xml:279:13-67
	android:theme
		ADDED from src\main\AndroidManifest.xml:280:13-56
	android:name
		ADDED from src\main\AndroidManifest.xml:278:13-69
activity#com.cpm.dailyentry.StoreEntryForChannel2Activity
ADDED from src\main\AndroidManifest.xml:281:9-291:20
	android:screenOrientation
		ADDED from src\main\AndroidManifest.xml:284:13-49
	android:windowSoftInputMode
		ADDED from src\main\AndroidManifest.xml:285:13-52
	android:configChanges
		ADDED from src\main\AndroidManifest.xml:283:13-74
	android:name
		ADDED from src\main\AndroidManifest.xml:282:13-76
activity#com.cpm.dailyentry.ShareOfShelfActivity
ADDED from src\main\AndroidManifest.xml:292:9-297:55
	android:screenOrientation
		ADDED from src\main\AndroidManifest.xml:295:13-49
	android:label
		ADDED from src\main\AndroidManifest.xml:294:13-66
	android:windowSoftInputMode
		ADDED from src\main\AndroidManifest.xml:297:13-52
	android:theme
		ADDED from src\main\AndroidManifest.xml:296:13-56
	android:name
		ADDED from src\main\AndroidManifest.xml:293:13-67
activity#com.cpm.dailyentry.StockAvailabilityForChannel2Activity
ADDED from src\main\AndroidManifest.xml:298:9-301:68
	android:label
		ADDED from src\main\AndroidManifest.xml:300:13-83
	android:theme
		ADDED from src\main\AndroidManifest.xml:301:13-56
	android:name
		ADDED from src\main\AndroidManifest.xml:299:13-83